<?xml version="1.0" encoding="UTF-8"?>
<testng-results ignored="0" total="2" passed="2" failed="0" skipped="0">
  <reporter-output>
    <line>
      <![CDATA[The ‘Username’ used for this test run is:>> [Admin]]]>
    </line>
    <line>
      <![CDATA[The ‘Password’ used for this test run is:>> [admin123]]]>
    </line>
  </reporter-output>
  <suite started-at="2022-12-29T15:32:15 EET" name="Default suite" finished-at="2022-12-29T15:32:28 EET" duration-ms="12872">
    <groups>
      <group name="cucumber">
        <method signature="AbstractTestNGCucumberTests.runScenario(io.cucumber.testng.PickleWrapper,io.cucumber.testng.FeatureWrapper)[pri:0, instance:Cucumber_TestRunner.CookiesRunnerAll@74f0ea28]" name="runScenario" class="io.cucumber.testng.AbstractTestNGCucumberTests"/>
      </group> <!-- cucumber -->
    </groups>
    <test started-at="2022-12-29T15:32:15 EET" name="Default test" finished-at="2022-12-29T15:32:28 EET" duration-ms="12872">
      <class name="Cucumber_TestRunner.CookiesRunnerAll">
        <test-method is-config="true" signature="setUpClass(org.testng.ITestContext)[pri:0, instance:Cucumber_TestRunner.CookiesRunnerAll@74f0ea28]" started-at="2022-12-29T15:32:15 EET" name="setUpClass" finished-at="2022-12-29T15:32:16 EET" duration-ms="371" status="PASS">
          <params>
            <param index="0">
              <value>
                <![CDATA[org.testng.TestRunner@f88bfbe]]>
              </value>
            </param>
          </params>
          <reporter-output>
          </reporter-output>
        </test-method> <!-- setUpClass -->
        <test-method is-config="true" signature="browserSetup()[pri:0, instance:Cucumber_TestRunner.CookiesRunnerAll@74f0ea28]" started-at="2022-12-29T15:32:16 EET" name="browserSetup" finished-at="2022-12-29T15:32:17 EET" duration-ms="1906" status="PASS">
          <reporter-output>
          </reporter-output>
        </test-method> <!-- browserSetup -->
        <test-method signature="runScenario(io.cucumber.testng.PickleWrapper,io.cucumber.testng.FeatureWrapper)[pri:0, instance:Cucumber_TestRunner.CookiesRunnerAll@74f0ea28]" started-at="2022-12-29T15:32:17 EET" name="runScenario" description="Runs Cucumber Scenarios" data-provider="scenarios" finished-at="2022-12-29T15:32:22 EET" duration-ms="4482" status="PASS">
          <params>
            <param index="0">
              <value>
                <![CDATA["Checking login and storing Cookies"]]>
              </value>
            </param>
            <param index="1">
              <value>
                <![CDATA["Testing the Login functionality using cookies"]]>
              </value>
            </param>
          </params>
          <reporter-output>
            <line>
              <![CDATA[The ‘Username’ used for this test run is:>> [Admin]]]>
            </line>
            <line>
              <![CDATA[The ‘Password’ used for this test run is:>> [admin123]]]>
            </line>
          </reporter-output>
        </test-method> <!-- runScenario -->
        <test-method is-config="true" signature="tearDown()[pri:0, instance:Cucumber_TestRunner.CookiesRunnerAll@74f0ea28]" started-at="2022-12-29T15:32:22 EET" name="tearDown" finished-at="2022-12-29T15:32:23 EET" duration-ms="878" status="PASS">
          <reporter-output>
          </reporter-output>
        </test-method> <!-- tearDown -->
        <test-method is-config="true" signature="browserSetup()[pri:0, instance:Cucumber_TestRunner.CookiesRunnerAll@74f0ea28]" started-at="2022-12-29T15:32:23 EET" name="browserSetup" finished-at="2022-12-29T15:32:24 EET" duration-ms="1285" status="PASS">
          <reporter-output>
          </reporter-output>
        </test-method> <!-- browserSetup -->
        <test-method signature="runScenario(io.cucumber.testng.PickleWrapper,io.cucumber.testng.FeatureWrapper)[pri:0, instance:Cucumber_TestRunner.CookiesRunnerAll@74f0ea28]" started-at="2022-12-29T15:32:24 EET" name="runScenario" description="Runs Cucumber Scenarios" data-provider="scenarios" finished-at="2022-12-29T15:32:27 EET" duration-ms="3020" status="PASS">
          <params>
            <param index="0">
              <value>
                <![CDATA["Checking login using stored Cookies"]]>
              </value>
            </param>
            <param index="1">
              <value>
                <![CDATA["Testing the Login functionality using cookies"]]>
              </value>
            </param>
          </params>
          <reporter-output>
          </reporter-output>
        </test-method> <!-- runScenario -->
        <test-method is-config="true" signature="tearDown()[pri:0, instance:Cucumber_TestRunner.CookiesRunnerAll@74f0ea28]" started-at="2022-12-29T15:32:27 EET" name="tearDown" finished-at="2022-12-29T15:32:28 EET" duration-ms="839" status="PASS">
          <reporter-output>
          </reporter-output>
        </test-method> <!-- tearDown -->
        <test-method is-config="true" signature="tearDownClass()[pri:0, instance:Cucumber_TestRunner.CookiesRunnerAll@74f0ea28]" started-at="2022-12-29T15:32:28 EET" name="tearDownClass" finished-at="2022-12-29T15:32:28 EET" duration-ms="55" status="PASS">
          <reporter-output>
          </reporter-output>
        </test-method> <!-- tearDownClass -->
      </class> <!-- Cucumber_TestRunner.CookiesRunnerAll -->
    </test> <!-- Default test -->
  </suite> <!-- Default suite -->
</testng-results>
