<?xml version="1.0" encoding="UTF-8"?>
<testng-results ignored="0" total="6" passed="5" failed="1" skipped="0">
  <reporter-output>
    <line>
      <![CDATA[The ‘Username’ used for this test run is:>> [Admin]]]>
    </line>
    <line>
      <![CDATA[The ‘Username’ used for this test run is:>> []]]>
    </line>
    <line>
      <![CDATA[The ‘Username’ used for this test run is:>> [admin123]]]>
    </line>
    <line>
      <![CDATA[The ‘Username’ used for this test run is:>> [Admin]]]>
    </line>
    <line>
      <![CDATA[The ‘Username’ used for this test run is:>> [Admin]]]>
    </line>
    <line>
      <![CDATA[The ‘Password’ used for this test run is:>> [admin123]]]>
    </line>
    <line>
      <![CDATA[The ‘Password’ used for this test run is:>> []]]>
    </line>
    <line>
      <![CDATA[The ‘Password’ used for this test run is:>> [admin123]]]>
    </line>
    <line>
      <![CDATA[The ‘Password’ used for this test run is:>> [Admin]]]>
    </line>
    <line>
      <![CDATA[The ‘Password’ used for this test run is:>> [admin123]]]>
    </line>
    <line>
      <![CDATA[All fields error message were displayed and has been asserted || Test case passed]]>
    </line>
    <line>
      <![CDATA[The invalid credentials error message was displayed and has been asserted || Test case passed]]>
    </line>
  </reporter-output>
  <suite started-at="2023-01-03T12:01:26 EET" name="Default suite" finished-at="2023-01-03T12:02:00 EET" duration-ms="33841">
    <groups>
      <group name="cucumber">
        <method signature="AbstractTestNGCucumberTests.runScenario(io.cucumber.testng.PickleWrapper,io.cucumber.testng.FeatureWrapper)[pri:0, instance:Cucumber_TestRunner.parallelRun@4a003cbe]" name="runScenario" class="io.cucumber.testng.AbstractTestNGCucumberTests"/>
      </group> <!-- cucumber -->
    </groups>
    <test started-at="2023-01-03T12:01:26 EET" name="Default test" finished-at="2023-01-03T12:02:00 EET" duration-ms="33841">
      <class name="Cucumber_TestRunner.parallelRun">
        <test-method is-config="true" signature="setUpClass(org.testng.ITestContext)[pri:0, instance:Cucumber_TestRunner.parallelRun@4a003cbe]" started-at="2023-01-03T12:01:26 EET" name="setUpClass" finished-at="2023-01-03T12:01:27 EET" duration-ms="378" status="PASS">
          <params>
            <param index="0">
              <value>
                <![CDATA[org.testng.TestRunner@3ef41c66]]>
              </value>
            </param>
          </params>
          <reporter-output>
          </reporter-output>
        </test-method> <!-- setUpClass -->
        <test-method is-config="true" signature="browserSetup()[pri:0, instance:Cucumber_TestRunner.parallelRun@4a003cbe]" started-at="2023-01-03T12:01:27 EET" name="browserSetup" finished-at="2023-01-03T12:01:32 EET" duration-ms="5005" status="PASS">
          <reporter-output>
          </reporter-output>
        </test-method> <!-- browserSetup -->
        <test-method is-config="true" signature="browserSetup()[pri:0, instance:Cucumber_TestRunner.parallelRun@4a003cbe]" started-at="2023-01-03T12:01:27 EET" name="browserSetup" finished-at="2023-01-03T12:01:32 EET" duration-ms="5516" status="PASS">
          <reporter-output>
          </reporter-output>
        </test-method> <!-- browserSetup -->
        <test-method is-config="true" signature="browserSetup()[pri:0, instance:Cucumber_TestRunner.parallelRun@4a003cbe]" started-at="2023-01-03T12:01:27 EET" name="browserSetup" finished-at="2023-01-03T12:01:31 EET" duration-ms="4775" status="PASS">
          <reporter-output>
          </reporter-output>
        </test-method> <!-- browserSetup -->
        <test-method is-config="true" signature="browserSetup()[pri:0, instance:Cucumber_TestRunner.parallelRun@4a003cbe]" started-at="2023-01-03T12:01:27 EET" name="browserSetup" finished-at="2023-01-03T12:01:32 EET" duration-ms="5091" status="PASS">
          <reporter-output>
          </reporter-output>
        </test-method> <!-- browserSetup -->
        <test-method is-config="true" signature="browserSetup()[pri:0, instance:Cucumber_TestRunner.parallelRun@4a003cbe]" started-at="2023-01-03T12:01:27 EET" name="browserSetup" finished-at="2023-01-03T12:01:32 EET" duration-ms="5093" status="PASS">
          <reporter-output>
          </reporter-output>
        </test-method> <!-- browserSetup -->
        <test-method is-config="true" signature="browserSetup()[pri:0, instance:Cucumber_TestRunner.parallelRun@4a003cbe]" started-at="2023-01-03T12:01:27 EET" name="browserSetup" finished-at="2023-01-03T12:01:32 EET" duration-ms="5092" status="PASS">
          <reporter-output>
          </reporter-output>
        </test-method> <!-- browserSetup -->
        <test-method signature="runScenario(io.cucumber.testng.PickleWrapper,io.cucumber.testng.FeatureWrapper)[pri:0, instance:Cucumber_TestRunner.parallelRun@4a003cbe]" started-at="2023-01-03T12:01:32 EET" name="runScenario" description="Runs Cucumber Scenarios" data-provider="scenarios" finished-at="2023-01-03T12:01:43 EET" duration-ms="11542" status="PASS">
          <params>
            <param index="0">
              <value>
                <![CDATA["Checking login with invalid credentials"]]>
              </value>
            </param>
            <param index="1">
              <value>
                <![CDATA["Testing the Login functionality"]]>
              </value>
            </param>
          </params>
          <reporter-output>
            <line>
              <![CDATA[The ‘Username’ used for this test run is:>> []]]>
            </line>
            <line>
              <![CDATA[The ‘Password’ used for this test run is:>> []]]>
            </line>
            <line>
              <![CDATA[All fields error message were displayed and has been asserted || Test case passed]]>
            </line>
          </reporter-output>
        </test-method> <!-- runScenario -->
        <test-method signature="runScenario(io.cucumber.testng.PickleWrapper,io.cucumber.testng.FeatureWrapper)[pri:0, instance:Cucumber_TestRunner.parallelRun@4a003cbe]" started-at="2023-01-03T12:01:32 EET" name="runScenario" description="Runs Cucumber Scenarios" data-provider="scenarios" finished-at="2023-01-03T12:01:59 EET" duration-ms="27502" status="FAIL">
          <params>
            <param index="0">
              <value>
                <![CDATA["Checking login using stored Cookies"]]>
              </value>
            </param>
            <param index="1">
              <value>
                <![CDATA["Testing the Login functionality using cookies"]]>
              </value>
            </param>
          </params>
          <exception class="org.openqa.selenium.TimeoutException">
            <message>
              <![CDATA[Expected condition failed: waiting for presence of any elements located by By.xpath: (//div[@class='oxd-grid-item oxd-grid-item--gutters orangehrm-dashboard-widget']) (tried for 20 second(s) with 500 milliseconds interval)
Build info: version: '3.141.59', revision: 'e82be7d358', time: '2018-11-14T08:17:03'
System info: host: 'LPCAIQ1132', ip: '192.168.0.72', os.name: 'Windows 10', os.arch: 'amd64', os.version: '10.0', java.version: '14.0.2'
Driver info: org.openqa.selenium.chrome.ChromeDriver
Capabilities {acceptInsecureCerts: false, browserName: chrome, browserVersion: 108.0.5359.125, chrome: {chromedriverVersion: 108.0.5359.71 (1e0e3868ee06..., userDataDir: C:\Users\MABDEL~1\AppData\L...}, goog:chromeOptions: {debuggerAddress: localhost:58143}, javascriptEnabled: true, networkConnectionEnabled: false, pageLoadStrategy: normal, platform: WINDOWS, platformName: WINDOWS, proxy: Proxy(), setWindowRect: true, strictFileInteractability: false, timeouts: {implicit: 0, pageLoad: 300000, script: 30000}, unhandledPromptBehavior: dismiss and notify, webauthn:extension:credBlob: true, webauthn:extension:largeBlob: true, webauthn:virtualAuthenticators: true}
Session ID: 3a382725e24b9a385c902776d8c80b04]]>
            </message>
            <full-stacktrace>
              <![CDATA[org.openqa.selenium.TimeoutException: Expected condition failed: waiting for presence of any elements located by By.xpath: (//div[@class='oxd-grid-item oxd-grid-item--gutters orangehrm-dashboard-widget']) (tried for 20 second(s) with 500 milliseconds interval)
Build info: version: '3.141.59', revision: 'e82be7d358', time: '2018-11-14T08:17:03'
System info: host: 'LPCAIQ1132', ip: '192.168.0.72', os.name: 'Windows 10', os.arch: 'amd64', os.version: '10.0', java.version: '14.0.2'
Driver info: org.openqa.selenium.chrome.ChromeDriver
Capabilities {acceptInsecureCerts: false, browserName: chrome, browserVersion: 108.0.5359.125, chrome: {chromedriverVersion: 108.0.5359.71 (1e0e3868ee06..., userDataDir: C:\Users\MABDEL~1\AppData\L...}, goog:chromeOptions: {debuggerAddress: localhost:58143}, javascriptEnabled: true, networkConnectionEnabled: false, pageLoadStrategy: normal, platform: WINDOWS, platformName: WINDOWS, proxy: Proxy(), setWindowRect: true, strictFileInteractability: false, timeouts: {implicit: 0, pageLoad: 300000, script: 30000}, unhandledPromptBehavior: dismiss and notify, webauthn:extension:credBlob: true, webauthn:extension:largeBlob: true, webauthn:virtualAuthenticators: true}
Session ID: 3a382725e24b9a385c902776d8c80b04
at org.openqa.selenium.support.ui.WebDriverWait.timeoutException(WebDriverWait.java:95)
at org.openqa.selenium.support.ui.FluentWait.until(FluentWait.java:272)
at OrangehrmLive_Pageclass.dashboardPage.dashboardGridElements(dashboardPage.java:14)
at OrangehrmLive_Pageclass.dashboardPage.dashboardElementsSize(dashboardPage.java:20)
at Cucumber_StepDefinitions.CookiesSteps.user_should_be_able_to_see_the_dash_board_page(CookiesSteps.java:45)
at ✽.User should be able to see the DashBoard page 6(file:///C:/Users/mabdelaziz/eclipse-workspace/cucumbertest/src/test/resources/Cucumber_Features/Cookies.feature:22)
]]>
            </full-stacktrace>
          </exception> <!-- org.openqa.selenium.TimeoutException -->
          <reporter-output>
          </reporter-output>
        </test-method> <!-- runScenario -->
        <test-method signature="runScenario(io.cucumber.testng.PickleWrapper,io.cucumber.testng.FeatureWrapper)[pri:0, instance:Cucumber_TestRunner.parallelRun@4a003cbe]" started-at="2023-01-03T12:01:32 EET" name="runScenario" description="Runs Cucumber Scenarios" data-provider="scenarios" finished-at="2023-01-03T12:01:47 EET" duration-ms="14948" status="PASS">
          <params>
            <param index="0">
              <value>
                <![CDATA["Login using Background Steps"]]>
              </value>
            </param>
            <param index="1">
              <value>
                <![CDATA["Testing the Login using Background Steps"]]>
              </value>
            </param>
          </params>
          <reporter-output>
            <line>
              <![CDATA[The ‘Username’ used for this test run is:>> [Admin]]]>
            </line>
            <line>
              <![CDATA[The ‘Password’ used for this test run is:>> [admin123]]]>
            </line>
          </reporter-output>
        </test-method> <!-- runScenario -->
        <test-method signature="runScenario(io.cucumber.testng.PickleWrapper,io.cucumber.testng.FeatureWrapper)[pri:0, instance:Cucumber_TestRunner.parallelRun@4a003cbe]" started-at="2023-01-03T12:01:32 EET" name="runScenario" description="Runs Cucumber Scenarios" data-provider="scenarios" finished-at="2023-01-03T12:01:44 EET" duration-ms="11877" status="PASS">
          <params>
            <param index="0">
              <value>
                <![CDATA["Checking login with invalid credentials"]]>
              </value>
            </param>
            <param index="1">
              <value>
                <![CDATA["Testing the Login functionality"]]>
              </value>
            </param>
          </params>
          <reporter-output>
            <line>
              <![CDATA[The ‘Username’ used for this test run is:>> [admin123]]]>
            </line>
            <line>
              <![CDATA[The ‘Password’ used for this test run is:>> [Admin]]]>
            </line>
            <line>
              <![CDATA[The invalid credentials error message was displayed and has been asserted || Test case passed]]>
            </line>
          </reporter-output>
        </test-method> <!-- runScenario -->
        <test-method signature="runScenario(io.cucumber.testng.PickleWrapper,io.cucumber.testng.FeatureWrapper)[pri:0, instance:Cucumber_TestRunner.parallelRun@4a003cbe]" started-at="2023-01-03T12:01:32 EET" name="runScenario" description="Runs Cucumber Scenarios" data-provider="scenarios" finished-at="2023-01-03T12:01:46 EET" duration-ms="14409" status="PASS">
          <params>
            <param index="0">
              <value>
                <![CDATA["Checking login and storing Cookies"]]>
              </value>
            </param>
            <param index="1">
              <value>
                <![CDATA["Testing the Login functionality using cookies"]]>
              </value>
            </param>
          </params>
          <reporter-output>
            <line>
              <![CDATA[The ‘Username’ used for this test run is:>> [Admin]]]>
            </line>
            <line>
              <![CDATA[The ‘Password’ used for this test run is:>> [admin123]]]>
            </line>
          </reporter-output>
        </test-method> <!-- runScenario -->
        <test-method signature="runScenario(io.cucumber.testng.PickleWrapper,io.cucumber.testng.FeatureWrapper)[pri:0, instance:Cucumber_TestRunner.parallelRun@4a003cbe]" started-at="2023-01-03T12:01:32 EET" name="runScenario" description="Runs Cucumber Scenarios" data-provider="scenarios" finished-at="2023-01-03T12:01:47 EET" duration-ms="14725" status="PASS">
          <params>
            <param index="0">
              <value>
                <![CDATA["Checking login with valid credentials"]]>
              </value>
            </param>
            <param index="1">
              <value>
                <![CDATA["Testing the Login functionality"]]>
              </value>
            </param>
          </params>
          <reporter-output>
            <line>
              <![CDATA[The ‘Username’ used for this test run is:>> [Admin]]]>
            </line>
            <line>
              <![CDATA[The ‘Password’ used for this test run is:>> [admin123]]]>
            </line>
          </reporter-output>
        </test-method> <!-- runScenario -->
        <test-method is-config="true" signature="tearDown()[pri:0, instance:Cucumber_TestRunner.parallelRun@4a003cbe]" started-at="2023-01-03T12:01:43 EET" name="tearDown" finished-at="2023-01-03T12:01:45 EET" duration-ms="1818" status="PASS">
          <reporter-output>
          </reporter-output>
        </test-method> <!-- tearDown -->
        <test-method is-config="true" signature="tearDown()[pri:0, instance:Cucumber_TestRunner.parallelRun@4a003cbe]" started-at="2023-01-03T12:01:44 EET" name="tearDown" finished-at="2023-01-03T12:01:45 EET" duration-ms="1616" status="PASS">
          <reporter-output>
          </reporter-output>
        </test-method> <!-- tearDown -->
        <test-method is-config="true" signature="tearDown()[pri:0, instance:Cucumber_TestRunner.parallelRun@4a003cbe]" started-at="2023-01-03T12:01:46 EET" name="tearDown" finished-at="2023-01-03T12:01:48 EET" duration-ms="2161" status="PASS">
          <reporter-output>
          </reporter-output>
        </test-method> <!-- tearDown -->
        <test-method is-config="true" signature="tearDown()[pri:0, instance:Cucumber_TestRunner.parallelRun@4a003cbe]" started-at="2023-01-03T12:01:47 EET" name="tearDown" finished-at="2023-01-03T12:01:48 EET" duration-ms="1733" status="PASS">
          <reporter-output>
          </reporter-output>
        </test-method> <!-- tearDown -->
        <test-method is-config="true" signature="tearDown()[pri:0, instance:Cucumber_TestRunner.parallelRun@4a003cbe]" started-at="2023-01-03T12:01:47 EET" name="tearDown" finished-at="2023-01-03T12:01:48 EET" duration-ms="1555" status="PASS">
          <reporter-output>
          </reporter-output>
        </test-method> <!-- tearDown -->
        <test-method is-config="true" signature="tearDown()[pri:0, instance:Cucumber_TestRunner.parallelRun@4a003cbe]" started-at="2023-01-03T12:01:59 EET" name="tearDown" finished-at="2023-01-03T12:02:00 EET" duration-ms="854" status="PASS">
          <reporter-output>
          </reporter-output>
        </test-method> <!-- tearDown -->
        <test-method is-config="true" signature="tearDownClass()[pri:0, instance:Cucumber_TestRunner.parallelRun@4a003cbe]" started-at="2023-01-03T12:02:00 EET" name="tearDownClass" finished-at="2023-01-03T12:02:00 EET" duration-ms="35" status="PASS">
          <reporter-output>
          </reporter-output>
        </test-method> <!-- tearDownClass -->
      </class> <!-- Cucumber_TestRunner.parallelRun -->
    </test> <!-- Default test -->
  </suite> <!-- Default suite -->
</testng-results>
